Started GET "/users/" for 127.0.0.1 at 2017-11-11 00:53:43 -0200
  
TinyTds::Error (Unable to connect: Adaptive Server is unavailable or does not exist (localhost:1433)):
  
tiny_tds (2.1.0) lib/tiny_tds/client.rb:60:in `connect'
tiny_tds (2.1.0) lib/tiny_tds/client.rb:60:in `initialize'
activerecord-sqlserver-adapter (5.1.2) lib/active_record/connection_adapters/sqlserver_adapter.rb:372:in `new'
activerecord-sqlserver-adapter (5.1.2) lib/active_record/connection_adapters/sqlserver_adapter.rb:372:in `dblib_connect'
activerecord-sqlserver-adapter (5.1.2) lib/active_record/connection_adapters/sqlserver_adapter.rb:358:in `connect'
activerecord-sqlserver-adapter (5.1.2) lib/active_record/connection_adapters/sqlserver_adapter.rb:60:in `initialize'
activerecord-sqlserver-adapter (5.1.2) lib/active_record/sqlserver_base.rb:13:in `new'
activerecord-sqlserver-adapter (5.1.2) lib/active_record/sqlserver_base.rb:13:in `sqlserver_connection'
activerecord (5.1.4) lib/active_record/connection_adapters/abstract/connection_pool.rb:759:in `new_connection'
activerecord (5.1.4) lib/active_record/connection_adapters/abstract/connection_pool.rb:803:in `checkout_new_connection'
activerecord (5.1.4) lib/active_record/connection_adapters/abstract/connection_pool.rb:782:in `try_to_checkout_new_connection'
activerecord (5.1.4) lib/active_record/connection_adapters/abstract/connection_pool.rb:743:in `acquire_connection'
activerecord (5.1.4) lib/active_record/connection_adapters/abstract/connection_pool.rb:500:in `checkout'
activerecord (5.1.4) lib/active_record/connection_adapters/abstract/connection_pool.rb:374:in `connection'
activerecord (5.1.4) lib/active_record/connection_adapters/abstract/connection_pool.rb:931:in `retrieve_connection'
activerecord (5.1.4) lib/active_record/connection_handling.rb:116:in `retrieve_connection'
activerecord (5.1.4) lib/active_record/connection_handling.rb:88:in `connection'
activerecord (5.1.4) lib/active_record/migration.rb:562:in `connection'
activerecord (5.1.4) lib/active_record/migration.rb:553:in `call'
actionpack (5.1.4) lib/action_dispatch/middleware/callbacks.rb:26:in `block in call'
activesupport (5.1.4) lib/active_support/callbacks.rb:97:in `run_callbacks'
actionpack (5.1.4) lib/action_dispatch/middleware/callbacks.rb:24:in `call'
actionpack (5.1.4) lib/action_dispatch/middleware/executor.rb:12:in `call'
actionpack (5.1.4) lib/action_dispatch/middleware/debug_exceptions.rb:59:in `call'
actionpack (5.1.4) lib/action_dispatch/middleware/show_exceptions.rb:31:in `call'
railties (5.1.4) lib/rails/rack/logger.rb:36:in `call_app'
railties (5.1.4) lib/rails/rack/logger.rb:24:in `block in call'
activesupport (5.1.4) lib/active_support/tagged_logging.rb:69:in `block in tagged'
activesupport (5.1.4) lib/active_support/tagged_logging.rb:26:in `tagged'
activesupport (5.1.4) lib/active_support/tagged_logging.rb:69:in `tagged'
railties (5.1.4) lib/rails/rack/logger.rb:24:in `call'
actionpack (5.1.4) lib/action_dispatch/middleware/remote_ip.rb:79:in `call'
actionpack (5.1.4) lib/action_dispatch/middleware/request_id.rb:25:in `call'
rack (2.0.3) lib/rack/runtime.rb:22:in `call'
activesupport (5.1.4) lib/active_support/cache/strategy/local_cache_middleware.rb:27:in `call'
actionpack (5.1.4) lib/action_dispatch/middleware/executor.rb:12:in `call'
actionpack (5.1.4) lib/action_dispatch/middleware/static.rb:125:in `call'
rack (2.0.3) lib/rack/sendfile.rb:111:in `call'
railties (5.1.4) lib/rails/engine.rb:522:in `call'
puma (3.10.0) lib/puma/configuration.rb:225:in `call'
puma (3.10.0) lib/puma/server.rb:605:in `handle_request'
puma (3.10.0) lib/puma/server.rb:437:in `process_client'
puma (3.10.0) lib/puma/server.rb:301:in `block in run'
puma (3.10.0) lib/puma/thread_pool.rb:120:in `block in spawn_thread'
Started GET "/favicon.ico" for 127.0.0.1 at 2017-11-11 00:53:44 -0200
  
TinyTds::Error (Unable to connect: Adaptive Server is unavailable or does not exist (localhost:1433)):
  
tiny_tds (2.1.0) lib/tiny_tds/client.rb:60:in `connect'
tiny_tds (2.1.0) lib/tiny_tds/client.rb:60:in `initialize'
activerecord-sqlserver-adapter (5.1.2) lib/active_record/connection_adapters/sqlserver_adapter.rb:372:in `new'
activerecord-sqlserver-adapter (5.1.2) lib/active_record/connection_adapters/sqlserver_adapter.rb:372:in `dblib_connect'
activerecord-sqlserver-adapter (5.1.2) lib/active_record/connection_adapters/sqlserver_adapter.rb:358:in `connect'
activerecord-sqlserver-adapter (5.1.2) lib/active_record/connection_adapters/sqlserver_adapter.rb:60:in `initialize'
activerecord-sqlserver-adapter (5.1.2) lib/active_record/sqlserver_base.rb:13:in `new'
activerecord-sqlserver-adapter (5.1.2) lib/active_record/sqlserver_base.rb:13:in `sqlserver_connection'
activerecord (5.1.4) lib/active_record/connection_adapters/abstract/connection_pool.rb:759:in `new_connection'
activerecord (5.1.4) lib/active_record/connection_adapters/abstract/connection_pool.rb:803:in `checkout_new_connection'
activerecord (5.1.4) lib/active_record/connection_adapters/abstract/connection_pool.rb:782:in `try_to_checkout_new_connection'
activerecord (5.1.4) lib/active_record/connection_adapters/abstract/connection_pool.rb:743:in `acquire_connection'
activerecord (5.1.4) lib/active_record/connection_adapters/abstract/connection_pool.rb:500:in `checkout'
activerecord (5.1.4) lib/active_record/connection_adapters/abstract/connection_pool.rb:374:in `connection'
activerecord (5.1.4) lib/active_record/connection_adapters/abstract/connection_pool.rb:931:in `retrieve_connection'
activerecord (5.1.4) lib/active_record/connection_handling.rb:116:in `retrieve_connection'
activerecord (5.1.4) lib/active_record/connection_handling.rb:88:in `connection'
activerecord (5.1.4) lib/active_record/migration.rb:562:in `connection'
activerecord (5.1.4) lib/active_record/migration.rb:553:in `call'
actionpack (5.1.4) lib/action_dispatch/middleware/callbacks.rb:26:in `block in call'
activesupport (5.1.4) lib/active_support/callbacks.rb:97:in `run_callbacks'
actionpack (5.1.4) lib/action_dispatch/middleware/callbacks.rb:24:in `call'
actionpack (5.1.4) lib/action_dispatch/middleware/executor.rb:12:in `call'
actionpack (5.1.4) lib/action_dispatch/middleware/debug_exceptions.rb:59:in `call'
actionpack (5.1.4) lib/action_dispatch/middleware/show_exceptions.rb:31:in `call'
railties (5.1.4) lib/rails/rack/logger.rb:36:in `call_app'
railties (5.1.4) lib/rails/rack/logger.rb:24:in `block in call'
activesupport (5.1.4) lib/active_support/tagged_logging.rb:69:in `block in tagged'
activesupport (5.1.4) lib/active_support/tagged_logging.rb:26:in `tagged'
activesupport (5.1.4) lib/active_support/tagged_logging.rb:69:in `tagged'
railties (5.1.4) lib/rails/rack/logger.rb:24:in `call'
actionpack (5.1.4) lib/action_dispatch/middleware/remote_ip.rb:79:in `call'
actionpack (5.1.4) lib/action_dispatch/middleware/request_id.rb:25:in `call'
rack (2.0.3) lib/rack/runtime.rb:22:in `call'
activesupport (5.1.4) lib/active_support/cache/strategy/local_cache_middleware.rb:27:in `call'
actionpack (5.1.4) lib/action_dispatch/middleware/executor.rb:12:in `call'
actionpack (5.1.4) lib/action_dispatch/middleware/static.rb:125:in `call'
rack (2.0.3) lib/rack/sendfile.rb:111:in `call'
railties (5.1.4) lib/rails/engine.rb:522:in `call'
puma (3.10.0) lib/puma/configuration.rb:225:in `call'
puma (3.10.0) lib/puma/server.rb:605:in `handle_request'
puma (3.10.0) lib/puma/server.rb:437:in `process_client'
puma (3.10.0) lib/puma/server.rb:301:in `block in run'
puma (3.10.0) lib/puma/thread_pool.rb:120:in `block in spawn_thread'
Started GET "/users/" for 127.0.0.1 at 2017-11-11 00:55:05 -0200
  
TinyTds::Error (Database 'painel_development' does not exist. Make sure that the name is entered correctly.):
  
tiny_tds (2.1.0) lib/tiny_tds/client.rb:60:in `connect'
tiny_tds (2.1.0) lib/tiny_tds/client.rb:60:in `initialize'
activerecord-sqlserver-adapter (5.1.2) lib/active_record/connection_adapters/sqlserver_adapter.rb:372:in `new'
activerecord-sqlserver-adapter (5.1.2) lib/active_record/connection_adapters/sqlserver_adapter.rb:372:in `dblib_connect'
activerecord-sqlserver-adapter (5.1.2) lib/active_record/connection_adapters/sqlserver_adapter.rb:358:in `connect'
activerecord-sqlserver-adapter (5.1.2) lib/active_record/connection_adapters/sqlserver_adapter.rb:60:in `initialize'
activerecord-sqlserver-adapter (5.1.2) lib/active_record/sqlserver_base.rb:13:in `new'
activerecord-sqlserver-adapter (5.1.2) lib/active_record/sqlserver_base.rb:13:in `sqlserver_connection'
activerecord (5.1.4) lib/active_record/connection_adapters/abstract/connection_pool.rb:759:in `new_connection'
activerecord (5.1.4) lib/active_record/connection_adapters/abstract/connection_pool.rb:803:in `checkout_new_connection'
activerecord (5.1.4) lib/active_record/connection_adapters/abstract/connection_pool.rb:782:in `try_to_checkout_new_connection'
activerecord (5.1.4) lib/active_record/connection_adapters/abstract/connection_pool.rb:743:in `acquire_connection'
activerecord (5.1.4) lib/active_record/connection_adapters/abstract/connection_pool.rb:500:in `checkout'
activerecord (5.1.4) lib/active_record/connection_adapters/abstract/connection_pool.rb:374:in `connection'
activerecord (5.1.4) lib/active_record/connection_adapters/abstract/connection_pool.rb:931:in `retrieve_connection'
activerecord (5.1.4) lib/active_record/connection_handling.rb:116:in `retrieve_connection'
activerecord (5.1.4) lib/active_record/connection_handling.rb:88:in `connection'
activerecord (5.1.4) lib/active_record/migration.rb:562:in `connection'
activerecord (5.1.4) lib/active_record/migration.rb:553:in `call'
actionpack (5.1.4) lib/action_dispatch/middleware/callbacks.rb:26:in `block in call'
activesupport (5.1.4) lib/active_support/callbacks.rb:97:in `run_callbacks'
actionpack (5.1.4) lib/action_dispatch/middleware/callbacks.rb:24:in `call'
actionpack (5.1.4) lib/action_dispatch/middleware/executor.rb:12:in `call'
actionpack (5.1.4) lib/action_dispatch/middleware/debug_exceptions.rb:59:in `call'
actionpack (5.1.4) lib/action_dispatch/middleware/show_exceptions.rb:31:in `call'
railties (5.1.4) lib/rails/rack/logger.rb:36:in `call_app'
railties (5.1.4) lib/rails/rack/logger.rb:24:in `block in call'
activesupport (5.1.4) lib/active_support/tagged_logging.rb:69:in `block in tagged'
activesupport (5.1.4) lib/active_support/tagged_logging.rb:26:in `tagged'
activesupport (5.1.4) lib/active_support/tagged_logging.rb:69:in `tagged'
railties (5.1.4) lib/rails/rack/logger.rb:24:in `call'
actionpack (5.1.4) lib/action_dispatch/middleware/remote_ip.rb:79:in `call'
actionpack (5.1.4) lib/action_dispatch/middleware/request_id.rb:25:in `call'
rack (2.0.3) lib/rack/runtime.rb:22:in `call'
activesupport (5.1.4) lib/active_support/cache/strategy/local_cache_middleware.rb:27:in `call'
actionpack (5.1.4) lib/action_dispatch/middleware/executor.rb:12:in `call'
actionpack (5.1.4) lib/action_dispatch/middleware/static.rb:125:in `call'
rack (2.0.3) lib/rack/sendfile.rb:111:in `call'
railties (5.1.4) lib/rails/engine.rb:522:in `call'
puma (3.10.0) lib/puma/configuration.rb:225:in `call'
puma (3.10.0) lib/puma/server.rb:605:in `handle_request'
puma (3.10.0) lib/puma/server.rb:437:in `process_client'
puma (3.10.0) lib/puma/server.rb:301:in `block in run'
puma (3.10.0) lib/puma/thread_pool.rb:120:in `block in spawn_thread'
Started GET "/favicon.ico" for 127.0.0.1 at 2017-11-11 00:55:06 -0200
  
TinyTds::Error (Database 'painel_development' does not exist. Make sure that the name is entered correctly.):
  
tiny_tds (2.1.0) lib/tiny_tds/client.rb:60:in `connect'
tiny_tds (2.1.0) lib/tiny_tds/client.rb:60:in `initialize'
activerecord-sqlserver-adapter (5.1.2) lib/active_record/connection_adapters/sqlserver_adapter.rb:372:in `new'
activerecord-sqlserver-adapter (5.1.2) lib/active_record/connection_adapters/sqlserver_adapter.rb:372:in `dblib_connect'
activerecord-sqlserver-adapter (5.1.2) lib/active_record/connection_adapters/sqlserver_adapter.rb:358:in `connect'
activerecord-sqlserver-adapter (5.1.2) lib/active_record/connection_adapters/sqlserver_adapter.rb:60:in `initialize'
activerecord-sqlserver-adapter (5.1.2) lib/active_record/sqlserver_base.rb:13:in `new'
activerecord-sqlserver-adapter (5.1.2) lib/active_record/sqlserver_base.rb:13:in `sqlserver_connection'
activerecord (5.1.4) lib/active_record/connection_adapters/abstract/connection_pool.rb:759:in `new_connection'
activerecord (5.1.4) lib/active_record/connection_adapters/abstract/connection_pool.rb:803:in `checkout_new_connection'
activerecord (5.1.4) lib/active_record/connection_adapters/abstract/connection_pool.rb:782:in `try_to_checkout_new_connection'
activerecord (5.1.4) lib/active_record/connection_adapters/abstract/connection_pool.rb:743:in `acquire_connection'
activerecord (5.1.4) lib/active_record/connection_adapters/abstract/connection_pool.rb:500:in `checkout'
activerecord (5.1.4) lib/active_record/connection_adapters/abstract/connection_pool.rb:374:in `connection'
activerecord (5.1.4) lib/active_record/connection_adapters/abstract/connection_pool.rb:931:in `retrieve_connection'
activerecord (5.1.4) lib/active_record/connection_handling.rb:116:in `retrieve_connection'
activerecord (5.1.4) lib/active_record/connection_handling.rb:88:in `connection'
activerecord (5.1.4) lib/active_record/migration.rb:562:in `connection'
activerecord (5.1.4) lib/active_record/migration.rb:553:in `call'
actionpack (5.1.4) lib/action_dispatch/middleware/callbacks.rb:26:in `block in call'
activesupport (5.1.4) lib/active_support/callbacks.rb:97:in `run_callbacks'
actionpack (5.1.4) lib/action_dispatch/middleware/callbacks.rb:24:in `call'
actionpack (5.1.4) lib/action_dispatch/middleware/executor.rb:12:in `call'
actionpack (5.1.4) lib/action_dispatch/middleware/debug_exceptions.rb:59:in `call'
actionpack (5.1.4) lib/action_dispatch/middleware/show_exceptions.rb:31:in `call'
railties (5.1.4) lib/rails/rack/logger.rb:36:in `call_app'
railties (5.1.4) lib/rails/rack/logger.rb:24:in `block in call'
activesupport (5.1.4) lib/active_support/tagged_logging.rb:69:in `block in tagged'
activesupport (5.1.4) lib/active_support/tagged_logging.rb:26:in `tagged'
activesupport (5.1.4) lib/active_support/tagged_logging.rb:69:in `tagged'
railties (5.1.4) lib/rails/rack/logger.rb:24:in `call'
actionpack (5.1.4) lib/action_dispatch/middleware/remote_ip.rb:79:in `call'
actionpack (5.1.4) lib/action_dispatch/middleware/request_id.rb:25:in `call'
rack (2.0.3) lib/rack/runtime.rb:22:in `call'
activesupport (5.1.4) lib/active_support/cache/strategy/local_cache_middleware.rb:27:in `call'
actionpack (5.1.4) lib/action_dispatch/middleware/executor.rb:12:in `call'
actionpack (5.1.4) lib/action_dispatch/middleware/static.rb:125:in `call'
rack (2.0.3) lib/rack/sendfile.rb:111:in `call'
railties (5.1.4) lib/rails/engine.rb:522:in `call'
puma (3.10.0) lib/puma/configuration.rb:225:in `call'
puma (3.10.0) lib/puma/server.rb:605:in `handle_request'
puma (3.10.0) lib/puma/server.rb:437:in `process_client'
puma (3.10.0) lib/puma/server.rb:301:in `block in run'
puma (3.10.0) lib/puma/thread_pool.rb:120:in `block in spawn_thread'
Started GET "/users/" for 127.0.0.1 at 2017-11-11 00:55:35 -0200
  [1m[35mSQL (0.4ms)[0m  [1m[35mUSE [default][0m
  
ActiveRecord::PendingMigrationError (

Migrations are pending. To resolve this issue, run:

        bin/rails db:migrate RAILS_ENV=development

):
  
activerecord (5.1.4) lib/active_record/migration.rb:576:in `check_pending!'
activerecord (5.1.4) lib/active_record/migration.rb:553:in `call'
actionpack (5.1.4) lib/action_dispatch/middleware/callbacks.rb:26:in `block in call'
activesupport (5.1.4) lib/active_support/callbacks.rb:97:in `run_callbacks'
actionpack (5.1.4) lib/action_dispatch/middleware/callbacks.rb:24:in `call'
actionpack (5.1.4) lib/action_dispatch/middleware/executor.rb:12:in `call'
actionpack (5.1.4) lib/action_dispatch/middleware/debug_exceptions.rb:59:in `call'
actionpack (5.1.4) lib/action_dispatch/middleware/show_exceptions.rb:31:in `call'
railties (5.1.4) lib/rails/rack/logger.rb:36:in `call_app'
railties (5.1.4) lib/rails/rack/logger.rb:24:in `block in call'
activesupport (5.1.4) lib/active_support/tagged_logging.rb:69:in `block in tagged'
activesupport (5.1.4) lib/active_support/tagged_logging.rb:26:in `tagged'
activesupport (5.1.4) lib/active_support/tagged_logging.rb:69:in `tagged'
railties (5.1.4) lib/rails/rack/logger.rb:24:in `call'
actionpack (5.1.4) lib/action_dispatch/middleware/remote_ip.rb:79:in `call'
actionpack (5.1.4) lib/action_dispatch/middleware/request_id.rb:25:in `call'
rack (2.0.3) lib/rack/runtime.rb:22:in `call'
activesupport (5.1.4) lib/active_support/cache/strategy/local_cache_middleware.rb:27:in `call'
actionpack (5.1.4) lib/action_dispatch/middleware/executor.rb:12:in `call'
actionpack (5.1.4) lib/action_dispatch/middleware/static.rb:125:in `call'
rack (2.0.3) lib/rack/sendfile.rb:111:in `call'
railties (5.1.4) lib/rails/engine.rb:522:in `call'
puma (3.10.0) lib/puma/configuration.rb:225:in `call'
puma (3.10.0) lib/puma/server.rb:605:in `handle_request'
puma (3.10.0) lib/puma/server.rb:437:in `process_client'
puma (3.10.0) lib/puma/server.rb:301:in `block in run'
puma (3.10.0) lib/puma/thread_pool.rb:120:in `block in spawn_thread'
Started GET "/favicon.ico" for 127.0.0.1 at 2017-11-11 00:55:36 -0200
  
ActiveRecord::PendingMigrationError (

Migrations are pending. To resolve this issue, run:

        bin/rails db:migrate RAILS_ENV=development

):
  
activerecord (5.1.4) lib/active_record/migration.rb:576:in `check_pending!'
activerecord (5.1.4) lib/active_record/migration.rb:553:in `call'
actionpack (5.1.4) lib/action_dispatch/middleware/callbacks.rb:26:in `block in call'
activesupport (5.1.4) lib/active_support/callbacks.rb:97:in `run_callbacks'
actionpack (5.1.4) lib/action_dispatch/middleware/callbacks.rb:24:in `call'
actionpack (5.1.4) lib/action_dispatch/middleware/executor.rb:12:in `call'
actionpack (5.1.4) lib/action_dispatch/middleware/debug_exceptions.rb:59:in `call'
actionpack (5.1.4) lib/action_dispatch/middleware/show_exceptions.rb:31:in `call'
railties (5.1.4) lib/rails/rack/logger.rb:36:in `call_app'
railties (5.1.4) lib/rails/rack/logger.rb:24:in `block in call'
activesupport (5.1.4) lib/active_support/tagged_logging.rb:69:in `block in tagged'
activesupport (5.1.4) lib/active_support/tagged_logging.rb:26:in `tagged'
activesupport (5.1.4) lib/active_support/tagged_logging.rb:69:in `tagged'
railties (5.1.4) lib/rails/rack/logger.rb:24:in `call'
actionpack (5.1.4) lib/action_dispatch/middleware/remote_ip.rb:79:in `call'
actionpack (5.1.4) lib/action_dispatch/middleware/request_id.rb:25:in `call'
rack (2.0.3) lib/rack/runtime.rb:22:in `call'
activesupport (5.1.4) lib/active_support/cache/strategy/local_cache_middleware.rb:27:in `call'
actionpack (5.1.4) lib/action_dispatch/middleware/executor.rb:12:in `call'
actionpack (5.1.4) lib/action_dispatch/middleware/static.rb:125:in `call'
rack (2.0.3) lib/rack/sendfile.rb:111:in `call'
railties (5.1.4) lib/rails/engine.rb:522:in `call'
puma (3.10.0) lib/puma/configuration.rb:225:in `call'
puma (3.10.0) lib/puma/server.rb:605:in `handle_request'
puma (3.10.0) lib/puma/server.rb:437:in `process_client'
puma (3.10.0) lib/puma/server.rb:301:in `block in run'
puma (3.10.0) lib/puma/thread_pool.rb:120:in `block in spawn_thread'
  [1m[35mSQL (0.3ms)[0m  [1m[35mUSE [default][0m
  [1m[35m (1.7ms)[0m  [1m[35mCREATE TABLE [schema_migrations] ([version] nvarchar(4000) NOT NULL PRIMARY KEY)[0m
  [1m[35m (1.8ms)[0m  [1m[35mCREATE TABLE [ar_internal_metadata] ([key] nvarchar(4000) NOT NULL PRIMARY KEY, [value] nvarchar(4000), [created_at] datetime NOT NULL, [updated_at] datetime NOT NULL)[0m
  [1m[35m (0.7ms)[0m  [1m[34mSELECT [schema_migrations].[version] FROM [schema_migrations]  ORDER BY [schema_migrations].[version] ASC[0m
Migrating to CreateUsers (20171111025046)
  [1m[35mSQL (0.6ms)[0m  [1m[36mBEGIN TRANSACTION[0m
  [1m[35m (1.2ms)[0m  [1m[35mCREATE TABLE [users] ([id] bigint NOT NULL IDENTITY(1,1) PRIMARY KEY, [created_at] datetime NOT NULL, [updated_at] datetime NOT NULL)[0m
  [1m[35mSQL (1.1ms)[0m  [1m[35mEXEC sp_executesql N'INSERT INTO [schema_migrations] ([version]) OUTPUT INSERTED.[version] VALUES (@0)', N'@0 nvarchar(4000)', @0 = N'20171111025046'[0m  [["version", nil]]
  [1m[35mSQL (0.5ms)[0m  [1m[36mCOMMIT TRANSACTION[0m
  [1m[36mActiveRecord::InternalMetadata Load (1.4ms)[0m  [1m[35mEXEC sp_executesql N'SELECT  [ar_internal_metadata].* FROM [ar_internal_metadata] WHERE [ar_internal_metadata].[key] = @0  ORDER BY [ar_internal_metadata].[key] ASC OFFSET 0 ROWS FETCH NEXT @1 ROWS ONLY', N'@0 nvarchar(4000), @1 int', @0 = N'environment', @1 = 1[0m  [["key", nil], ["LIMIT", nil]]
  [1m[35mSQL (0.3ms)[0m  [1m[36mBEGIN TRANSACTION[0m
  [1m[35mSQL (1.3ms)[0m  [1m[35mEXEC sp_executesql N'INSERT INTO [ar_internal_metadata] ([key], [value], [created_at], [updated_at]) OUTPUT INSERTED.[key] VALUES (@0, @1, @2, @3)', N'@0 nvarchar(4000), @1 nvarchar(4000), @2 datetime, @3 datetime', @0 = N'environment', @1 = N'development', @2 = '11-11-2017 02:55:48.912', @3 = '11-11-2017 02:55:48.912'[0m  [["key", nil], ["value", nil], ["created_at", nil], ["updated_at", nil]]
  [1m[35mSQL (0.4ms)[0m  [1m[36mCOMMIT TRANSACTION[0m
  [1m[35m (0.3ms)[0m  [1m[34mSELECT [schema_migrations].[version] FROM [schema_migrations]  ORDER BY [schema_migrations].[version] ASC[0m
  [1m[35m (0.4ms)[0m  [1m[34mSELECT DATABASEPROPERTYEX(DB_NAME(), 'Collation')[0m
  [1m[35m (27.2ms)[0m  [1m[35mEXEC sp_helpindex N'User'[0m
  [1m[35m (3.8ms)[0m  [1m[35mEXEC sp_helpindex N'users'[0m
  [1m[36mExecute Procedure (112.7ms)[0m  [1m[35mEXEC sp_fkeys NULL, NULL, NULL, N'User', NULL[0m
  [1m[36mExecute Procedure (0.6ms)[0m  [1m[35mEXEC sp_fkeys NULL, NULL, NULL, N'users', NULL[0m
Started GET "/users/" for 127.0.0.1 at 2017-11-11 00:55:54 -0200
  [1m[35mSQL (0.3ms)[0m  [1m[35mUSE [default][0m
  [1m[35m (0.4ms)[0m  [1m[34mSELECT [schema_migrations].[version] FROM [schema_migrations]  ORDER BY [schema_migrations].[version] ASC[0m
Processing by UsersController#index as HTML
  [1m[36mUser Load (1.7ms)[0m  [1m[34mSELECT [users].* FROM [users][0m
Completed 200 OK in 17ms (Views: 2.3ms | ActiveRecord: 12.1ms)


Started GET "/favicon.ico" for 127.0.0.1 at 2017-11-11 00:55:55 -0200
  
ActionController::RoutingError (No route matches [GET] "/favicon.ico"):
  
actionpack (5.1.4) lib/action_dispatch/middleware/debug_exceptions.rb:63:in `call'
actionpack (5.1.4) lib/action_dispatch/middleware/show_exceptions.rb:31:in `call'
railties (5.1.4) lib/rails/rack/logger.rb:36:in `call_app'
railties (5.1.4) lib/rails/rack/logger.rb:24:in `block in call'
activesupport (5.1.4) lib/active_support/tagged_logging.rb:69:in `block in tagged'
activesupport (5.1.4) lib/active_support/tagged_logging.rb:26:in `tagged'
activesupport (5.1.4) lib/active_support/tagged_logging.rb:69:in `tagged'
railties (5.1.4) lib/rails/rack/logger.rb:24:in `call'
actionpack (5.1.4) lib/action_dispatch/middleware/remote_ip.rb:79:in `call'
actionpack (5.1.4) lib/action_dispatch/middleware/request_id.rb:25:in `call'
rack (2.0.3) lib/rack/runtime.rb:22:in `call'
activesupport (5.1.4) lib/active_support/cache/strategy/local_cache_middleware.rb:27:in `call'
actionpack (5.1.4) lib/action_dispatch/middleware/executor.rb:12:in `call'
actionpack (5.1.4) lib/action_dispatch/middleware/static.rb:125:in `call'
rack (2.0.3) lib/rack/sendfile.rb:111:in `call'
railties (5.1.4) lib/rails/engine.rb:522:in `call'
puma (3.10.0) lib/puma/configuration.rb:225:in `call'
puma (3.10.0) lib/puma/server.rb:605:in `handle_request'
puma (3.10.0) lib/puma/server.rb:437:in `process_client'
puma (3.10.0) lib/puma/server.rb:301:in `block in run'
puma (3.10.0) lib/puma/thread_pool.rb:120:in `block in spawn_thread'
Started GET "/users/" for 127.0.0.1 at 2017-11-11 00:56:17 -0200
Processing by UsersController#index as HTML
Completed 500 Internal Server Error in 1ms (ActiveRecord: 0.0ms)


  
NameError (uninitialized constant UsersController::Users):
  
app/controllers/users_controller.rb:3:in `index'
Started GET "/users/" for 127.0.0.1 at 2017-11-11 00:56:26 -0200
Processing by UsersController#index as HTML
  [1m[36mUser Load (0.3ms)[0m  [1m[34mSELECT [users].* FROM [users][0m
Completed 200 OK in 13ms (Views: 1.7ms | ActiveRecord: 9.8ms)


Started GET "/user/" for 127.0.0.1 at 2017-11-11 00:56:32 -0200
  
ActionController::RoutingError (No route matches [GET] "/user"):
  
actionpack (5.1.4) lib/action_dispatch/middleware/debug_exceptions.rb:63:in `call'
actionpack (5.1.4) lib/action_dispatch/middleware/show_exceptions.rb:31:in `call'
railties (5.1.4) lib/rails/rack/logger.rb:36:in `call_app'
railties (5.1.4) lib/rails/rack/logger.rb:24:in `block in call'
activesupport (5.1.4) lib/active_support/tagged_logging.rb:69:in `block in tagged'
activesupport (5.1.4) lib/active_support/tagged_logging.rb:26:in `tagged'
activesupport (5.1.4) lib/active_support/tagged_logging.rb:69:in `tagged'
railties (5.1.4) lib/rails/rack/logger.rb:24:in `call'
actionpack (5.1.4) lib/action_dispatch/middleware/remote_ip.rb:79:in `call'
actionpack (5.1.4) lib/action_dispatch/middleware/request_id.rb:25:in `call'
rack (2.0.3) lib/rack/runtime.rb:22:in `call'
activesupport (5.1.4) lib/active_support/cache/strategy/local_cache_middleware.rb:27:in `call'
actionpack (5.1.4) lib/action_dispatch/middleware/executor.rb:12:in `call'
actionpack (5.1.4) lib/action_dispatch/middleware/static.rb:125:in `call'
rack (2.0.3) lib/rack/sendfile.rb:111:in `call'
railties (5.1.4) lib/rails/engine.rb:522:in `call'
puma (3.10.0) lib/puma/configuration.rb:225:in `call'
puma (3.10.0) lib/puma/server.rb:605:in `handle_request'
puma (3.10.0) lib/puma/server.rb:437:in `process_client'
puma (3.10.0) lib/puma/server.rb:301:in `block in run'
puma (3.10.0) lib/puma/thread_pool.rb:120:in `block in spawn_thread'
Started GET "/users/" for 127.0.0.1 at 2017-11-11 00:56:40 -0200
Processing by UsersController#index as HTML
  [1m[36mUser Load (0.3ms)[0m  [1m[34mSELECT [users].* FROM [users][0m
Completed 200 OK in 2ms (Views: 1.2ms | ActiveRecord: 0.3ms)


Started GET "/users/" for 127.0.0.1 at 2017-11-11 00:57:32 -0200
  [1m[35mSQL (0.3ms)[0m  [1m[35mUSE [default][0m
  [1m[35m (0.3ms)[0m  [1m[34mSELECT [schema_migrations].[version] FROM [schema_migrations]  ORDER BY [schema_migrations].[version] ASC[0m
Processing by UsersController#index as HTML
  [1m[36mUser Load (1.2ms)[0m  [1m[35mEXEC sp_executesql N'SELECT  [users].* FROM [users]  ORDER BY [users].[id] ASC OFFSET 0 ROWS FETCH NEXT @0 ROWS ONLY', N'@0 int', @0 = 1[0m  [["LIMIT", nil]]
Started GET "/users/" for 127.0.0.1 at 2017-11-11 14:09:37 -0200
  [1m[35mSQL (0.3ms)[0m  [1m[35mUSE [default][0m
  [1m[35m (1.0ms)[0m  [1m[34mSELECT [schema_migrations].[version] FROM [schema_migrations]  ORDER BY [schema_migrations].[version] ASC[0m
Processing by UsersController#index as HTML
  [1m[36mUser Load (1.1ms)[0m  [1m[35mEXEC sp_executesql N'SELECT  [users].* FROM [users]  ORDER BY [users].[id] ASC OFFSET 0 ROWS FETCH NEXT @0 ROWS ONLY', N'@0 int', @0 = 11[0m  [["LIMIT", nil]]
Completed 500 Internal Server Error in 125590ms (ActiveRecord: 115.4ms)


  
SystemExit (exit):
  
(byebug):1:in `exit'
(byebug):1:in `index'
app/controllers/users_controller.rb:4:in `index'
Started GET "/users/" for 127.0.0.1 at 2017-11-11 14:12:50 -0200
  [1m[35mSQL (0.3ms)[0m  [1m[35mUSE [default][0m
  [1m[35m (0.3ms)[0m  [1m[34mSELECT [schema_migrations].[version] FROM [schema_migrations]  ORDER BY [schema_migrations].[version] ASC[0m
Processing by UsersController#index as HTML
  [1m[36mUser Load (1.3ms)[0m  [1m[35mEXEC sp_executesql N'SELECT  [users].* FROM [users]  ORDER BY [users].[id] ASC OFFSET 0 ROWS FETCH NEXT @0 ROWS ONLY', N'@0 int', @0 = 11[0m  [["LIMIT", nil]]
Completed 500 Internal Server Error in 12485ms (ActiveRecord: 27.3ms)


  
SystemExit (exit):
  
(byebug):1:in `exit'
(byebug):1:in `index'
app/controllers/users_controller.rb:4:in `index'
Started GET "/favicon.ico" for 127.0.0.1 at 2017-11-11 14:13:03 -0200
  
ActionController::RoutingError (No route matches [GET] "/favicon.ico"):
  
actionpack (5.1.4) lib/action_dispatch/middleware/debug_exceptions.rb:63:in `call'
actionpack (5.1.4) lib/action_dispatch/middleware/show_exceptions.rb:31:in `call'
railties (5.1.4) lib/rails/rack/logger.rb:36:in `call_app'
railties (5.1.4) lib/rails/rack/logger.rb:24:in `block in call'
activesupport (5.1.4) lib/active_support/tagged_logging.rb:69:in `block in tagged'
activesupport (5.1.4) lib/active_support/tagged_logging.rb:26:in `tagged'
activesupport (5.1.4) lib/active_support/tagged_logging.rb:69:in `tagged'
railties (5.1.4) lib/rails/rack/logger.rb:24:in `call'
actionpack (5.1.4) lib/action_dispatch/middleware/remote_ip.rb:79:in `call'
actionpack (5.1.4) lib/action_dispatch/middleware/request_id.rb:25:in `call'
rack (2.0.3) lib/rack/runtime.rb:22:in `call'
activesupport (5.1.4) lib/active_support/cache/strategy/local_cache_middleware.rb:27:in `call'
actionpack (5.1.4) lib/action_dispatch/middleware/executor.rb:12:in `call'
actionpack (5.1.4) lib/action_dispatch/middleware/static.rb:125:in `call'
rack (2.0.3) lib/rack/sendfile.rb:111:in `call'
railties (5.1.4) lib/rails/engine.rb:522:in `call'
puma (3.10.0) lib/puma/configuration.rb:225:in `call'
puma (3.10.0) lib/puma/server.rb:605:in `handle_request'
puma (3.10.0) lib/puma/server.rb:437:in `process_client'
puma (3.10.0) lib/puma/server.rb:301:in `block in run'
puma (3.10.0) lib/puma/thread_pool.rb:120:in `block in spawn_thread'
Started GET "/users/" for 127.0.0.1 at 2017-11-11 14:13:35 -0200
  [1m[35mSQL (0.3ms)[0m  [1m[35mUSE [default][0m
  [1m[35m (0.4ms)[0m  [1m[34mSELECT [schema_migrations].[version] FROM [schema_migrations]  ORDER BY [schema_migrations].[version] ASC[0m
Processing by UsersController#index as HTML
  [1m[36mUser Load (0.9ms)[0m  [1m[34mSELECT [users].* FROM [users][0m
Completed 200 OK in 33ms (Views: 10.8ms | ActiveRecord: 19.9ms)


Started GET "/users/" for 127.0.0.1 at 2017-11-11 14:29:04 -0200
  [1m[35mSQL (0.3ms)[0m  [1m[35mUSE [default][0m
  [1m[35m (0.3ms)[0m  [1m[34mSELECT [schema_migrations].[version] FROM [schema_migrations]  ORDER BY [schema_migrations].[version] ASC[0m
Processing by UsersController#index as HTML
Completed 500 Internal Server Error in 2ms (ActiveRecord: 0.0ms)


  
TypeError (superclass must be a Class (Module given)):
  
app/serializers/user_serializer.rb:1:in `<top (required)>'
app/controllers/users_controller.rb:4:in `index'
Started GET "/users/" for 127.0.0.1 at 2017-11-11 14:30:50 -0200
Processing by UsersController#index as HTML
[active_model_serializers]   [1m[36mUser Load (0.8ms)[0m  [1m[35mEXEC sp_executesql N'SELECT  [users].* FROM [users]  ORDER BY [users].[id] ASC OFFSET 0 ROWS FETCH NEXT @0 ROWS ONLY', N'@0 int', @0 = 11[0m  [["LIMIT", nil]]
[active_model_serializers] Rendered UserSerializer with ActiveModelSerializers::Adapter::Attributes (47.17ms)
  [1m[36mCACHE User Load (0.0ms)[0m  [1m[34mSELECT  [users].* FROM [users]  ORDER BY [users].[id] ASC OFFSET 0 ROWS FETCH NEXT @0 ROWS ONLY[0m  [["LIMIT", 11]]
Completed 500 Internal Server Error in 60ms (ActiveRecord: 26.3ms)


  
  [1m[36mCACHE User Load (0.0ms)[0m  [1m[34mSELECT  [users].* FROM [users]  ORDER BY [users].[id] ASC OFFSET 0 ROWS FETCH NEXT @0 ROWS ONLY[0m  [["LIMIT", 11]]
NoMethodError (undefined method `read_attribute_for_serialization' for #<User::ActiveRecord_Relation:0x00007feaa8009cf0>):
  
app/controllers/users_controller.rb:4:in `index'
Started GET "/users/" for 127.0.0.1 at 2017-11-11 14:31:14 -0200
Processing by UsersController#index as HTML
Completed 500 Internal Server Error in 5ms (ActiveRecord: 0.0ms)


  
ArgumentError (wrong number of arguments (given 0, expected 1..2)):
  
app/controllers/users_controller.rb:4:in `new'
app/controllers/users_controller.rb:4:in `index'
Started GET "/users/" for 127.0.0.1 at 2017-11-11 14:31:25 -0200
Processing by UsersController#index as HTML
[active_model_serializers]   [1m[36mUser Load (0.5ms)[0m  [1m[35mEXEC sp_executesql N'SELECT  [users].* FROM [users]  ORDER BY [users].[id] ASC OFFSET 0 ROWS FETCH NEXT @0 ROWS ONLY', N'@0 int', @0 = 11[0m  [["LIMIT", nil]]
[active_model_serializers] Rendered UserSerializer with ActiveModelSerializers::Adapter::Attributes (25.4ms)
  [1m[36mCACHE User Load (0.0ms)[0m  [1m[34mSELECT  [users].* FROM [users]  ORDER BY [users].[id] ASC OFFSET 0 ROWS FETCH NEXT @0 ROWS ONLY[0m  [["LIMIT", 11]]
Completed 500 Internal Server Error in 30ms (ActiveRecord: 13.5ms)


  
  [1m[36mCACHE User Load (0.0ms)[0m  [1m[34mSELECT  [users].* FROM [users]  ORDER BY [users].[id] ASC OFFSET 0 ROWS FETCH NEXT @0 ROWS ONLY[0m  [["LIMIT", 11]]
NoMethodError (undefined method `read_attribute_for_serialization' for #<User::ActiveRecord_Relation:0x000000000474cb48>):
  
app/controllers/users_controller.rb:4:in `index'
Started GET "/users/" for 127.0.0.1 at 2017-11-11 14:32:14 -0200
Processing by UsersController#index as HTML
[active_model_serializers]   [1m[36mUser Load (0.6ms)[0m  [1m[35mEXEC sp_executesql N'SELECT  [users].* FROM [users]  ORDER BY [users].[id] ASC OFFSET 0 ROWS FETCH NEXT @0 ROWS ONLY', N'@0 int', @0 = 11[0m  [["LIMIT", nil]]
[active_model_serializers] Rendered UserSerializer with ActiveModelSerializers::Adapter::Attributes (31.55ms)
  [1m[36mCACHE User Load (0.0ms)[0m  [1m[34mSELECT  [users].* FROM [users]  ORDER BY [users].[id] ASC OFFSET 0 ROWS FETCH NEXT @0 ROWS ONLY[0m  [["LIMIT", 11]]
Completed 500 Internal Server Error in 39ms (ActiveRecord: 17.2ms)


  
  [1m[36mCACHE User Load (0.0ms)[0m  [1m[34mSELECT  [users].* FROM [users]  ORDER BY [users].[id] ASC OFFSET 0 ROWS FETCH NEXT @0 ROWS ONLY[0m  [["LIMIT", 11]]
NoMethodError (undefined method `read_attribute_for_serialization' for #<User::ActiveRecord_Relation:0x00007feaa81262f0>):
  
app/controllers/users_controller.rb:4:in `index'
Started GET "/users/" for 127.0.0.1 at 2017-11-11 14:32:48 -0200
Processing by UsersController#index as HTML
[active_model_serializers]   [1m[36mUser Load (0.7ms)[0m  [1m[35mEXEC sp_executesql N'SELECT  [users].* FROM [users]  ORDER BY [users].[id] ASC OFFSET 0 ROWS FETCH NEXT @0 ROWS ONLY', N'@0 int', @0 = 11[0m  [["LIMIT", nil]]
[active_model_serializers] Rendered UserSerializer with ActiveModelSerializers::Adapter::Attributes (26.69ms)
  [1m[36mCACHE User Load (0.0ms)[0m  [1m[34mSELECT  [users].* FROM [users]  ORDER BY [users].[id] ASC OFFSET 0 ROWS FETCH NEXT @0 ROWS ONLY[0m  [["LIMIT", 11]]
Completed 500 Internal Server Error in 31ms (ActiveRecord: 15.0ms)


  
  [1m[36mCACHE User Load (0.0ms)[0m  [1m[34mSELECT  [users].* FROM [users]  ORDER BY [users].[id] ASC OFFSET 0 ROWS FETCH NEXT @0 ROWS ONLY[0m  [["LIMIT", 11]]
NoMethodError (undefined method `read_attribute_for_serialization' for #<User::ActiveRecord_Relation:0x00007fea945d1840>):
  
app/controllers/users_controller.rb:4:in `index'
Started GET "/users/" for 127.0.0.1 at 2017-11-11 14:35:09 -0200
Processing by UsersController#index as HTML
Completed 500 Internal Server Error in 5ms (ActiveRecord: 0.0ms)


  
NameError (uninitialized constant ActiveModel::SerializerSupport):
  
app/models/user.rb:3:in `<class:User>'
app/models/user.rb:1:in `<top (required)>'
app/controllers/users_controller.rb:3:in `index'
Started GET "/users/" for 127.0.0.1 at 2017-11-11 14:38:55 -0200
  [1m[35mSQL (0.3ms)[0m  [1m[35mUSE [default][0m
  [1m[35m (0.4ms)[0m  [1m[34mSELECT [schema_migrations].[version] FROM [schema_migrations]  ORDER BY [schema_migrations].[version] ASC[0m
Processing by UsersController#index as HTML
[active_model_serializers]   [1m[36mUser Load (0.5ms)[0m  [1m[35mEXEC sp_executesql N'SELECT  [users].* FROM [users]  ORDER BY [users].[id] ASC OFFSET 0 ROWS FETCH NEXT @0 ROWS ONLY', N'@0 int', @0 = 11[0m  [["LIMIT", nil]]
[active_model_serializers] Rendered UserSerializer with ActiveModelSerializers::Adapter::Attributes (26.55ms)
  [1m[36mCACHE User Load (0.0ms)[0m  [1m[34mSELECT  [users].* FROM [users]  ORDER BY [users].[id] ASC OFFSET 0 ROWS FETCH NEXT @0 ROWS ONLY[0m  [["LIMIT", 11]]
Completed 500 Internal Server Error in 34ms (ActiveRecord: 14.3ms)


  
  [1m[36mCACHE User Load (0.0ms)[0m  [1m[34mSELECT  [users].* FROM [users]  ORDER BY [users].[id] ASC OFFSET 0 ROWS FETCH NEXT @0 ROWS ONLY[0m  [["LIMIT", 11]]
NoMethodError (undefined method `read_attribute_for_serialization' for #<User::ActiveRecord_Relation:0x0000000004447920>):
  
app/controllers/users_controller.rb:4:in `index'
Started GET "/users/" for 127.0.0.1 at 2017-11-11 14:39:07 -0200
Processing by UsersController#index as HTML
[active_model_serializers]   [1m[36mUser Load (0.5ms)[0m  [1m[35mEXEC sp_executesql N'SELECT  [users].* FROM [users]  ORDER BY [users].[id] ASC OFFSET 0 ROWS FETCH NEXT @0 ROWS ONLY', N'@0 int', @0 = 11[0m  [["LIMIT", nil]]
[active_model_serializers] Rendered UserSerializer with ActiveModelSerializers::Adapter::Attributes (25.4ms)
  [1m[36mCACHE User Load (0.0ms)[0m  [1m[34mSELECT  [users].* FROM [users]  ORDER BY [users].[id] ASC OFFSET 0 ROWS FETCH NEXT @0 ROWS ONLY[0m  [["LIMIT", 11]]
Completed 500 Internal Server Error in 29ms (ActiveRecord: 12.9ms)


  
  [1m[36mCACHE User Load (0.0ms)[0m  [1m[34mSELECT  [users].* FROM [users]  ORDER BY [users].[id] ASC OFFSET 0 ROWS FETCH NEXT @0 ROWS ONLY[0m  [["LIMIT", 11]]
NoMethodError (undefined method `read_attribute_for_serialization' for #<User::ActiveRecord_Relation:0x00007f2e705cdde8>):
  
app/controllers/users_controller.rb:4:in `index'
Started GET "/users/" for 127.0.0.1 at 2017-11-11 14:40:21 -0200
Processing by UsersController#index as HTML
[active_model_serializers]   [1m[36mUser Load (0.5ms)[0m  [1m[35mEXEC sp_executesql N'SELECT  [users].* FROM [users]  ORDER BY [users].[id] ASC OFFSET 0 ROWS FETCH NEXT @0 ROWS ONLY', N'@0 int', @0 = 11[0m  [["LIMIT", nil]]
[active_model_serializers] Rendered UserSerializer with ActiveModelSerializers::Adapter::Attributes (30.5ms)
  [1m[36mCACHE User Load (0.0ms)[0m  [1m[34mSELECT  [users].* FROM [users]  ORDER BY [users].[id] ASC OFFSET 0 ROWS FETCH NEXT @0 ROWS ONLY[0m  [["LIMIT", 11]]
Completed 500 Internal Server Error in 37ms (ActiveRecord: 14.2ms)


  
  [1m[36mCACHE User Load (0.0ms)[0m  [1m[34mSELECT  [users].* FROM [users]  ORDER BY [users].[id] ASC OFFSET 0 ROWS FETCH NEXT @0 ROWS ONLY[0m  [["LIMIT", 11]]
NoMethodError (undefined method `read_attribute_for_serialization' for #<User::ActiveRecord_Relation:0x0000000002f16b50>):
  
app/controllers/users_controller.rb:4:in `index'
Started GET "/users/" for 127.0.0.1 at 2017-11-11 14:40:57 -0200
  [1m[35mSQL (0.3ms)[0m  [1m[35mUSE [default][0m
  [1m[35m (0.3ms)[0m  [1m[34mSELECT [schema_migrations].[version] FROM [schema_migrations]  ORDER BY [schema_migrations].[version] ASC[0m
Processing by UsersController#index as HTML
[active_model_serializers]   [1m[36mUser Load (0.7ms)[0m  [1m[35mEXEC sp_executesql N'SELECT  [users].* FROM [users]  ORDER BY [users].[id] ASC OFFSET 0 ROWS FETCH NEXT @0 ROWS ONLY', N'@0 int', @0 = 11[0m  [["LIMIT", nil]]
[active_model_serializers] Rendered UserSerializer with ActiveModelSerializers::Adapter::Attributes (25.99ms)
  [1m[36mCACHE User Load (0.0ms)[0m  [1m[34mSELECT  [users].* FROM [users]  ORDER BY [users].[id] ASC OFFSET 0 ROWS FETCH NEXT @0 ROWS ONLY[0m  [["LIMIT", 11]]
Completed 500 Internal Server Error in 36ms (ActiveRecord: 13.7ms)


  
  [1m[36mCACHE User Load (0.0ms)[0m  [1m[34mSELECT  [users].* FROM [users]  ORDER BY [users].[id] ASC OFFSET 0 ROWS FETCH NEXT @0 ROWS ONLY[0m  [["LIMIT", 11]]
NoMethodError (undefined method `read_attribute_for_serialization' for #<User::ActiveRecord_Relation:0x00000000028b5810>):
  
app/controllers/users_controller.rb:4:in `index'
Started GET "/users/" for 127.0.0.1 at 2017-11-11 14:41:40 -0200
Processing by UsersController#index as HTML
Completed 500 Internal Server Error in 6ms (ActiveRecord: 0.0ms)


  
NameError (uninitialized constant ActiveModel::CollectionSerializer):
  
app/serializers/user_serializer.rb:1:in `<top (required)>'
app/controllers/users_controller.rb:4:in `index'
Started GET "/users/" for 127.0.0.1 at 2017-11-11 14:43:25 -0200
  [1m[35mSQL (0.3ms)[0m  [1m[35mUSE [default][0m
  [1m[35m (0.3ms)[0m  [1m[34mSELECT [schema_migrations].[version] FROM [schema_migrations]  ORDER BY [schema_migrations].[version] ASC[0m
Processing by UsersController#index as HTML
  [1m[36mUser Load (0.4ms)[0m  [1m[35mEXEC sp_executesql N'SELECT  [users].* FROM [users]  ORDER BY [users].[id] ASC OFFSET 0 ROWS FETCH NEXT @0 ROWS ONLY', N'@0 int', @0 = 1[0m  [["LIMIT", nil]]
[active_model_serializers] Rendered UserSerializer with ActiveModelSerializers::Adapter::Attributes (4.97ms)
Completed 500 Internal Server Error in 33ms (ActiveRecord: 14.1ms)


  
NoMethodError (undefined method `nome' for #<User:0x0000000003ae12c8>
Did you mean?  name):
  
app/controllers/users_controller.rb:4:in `index'
Started GET "/users/" for 127.0.0.1 at 2017-11-11 14:43:52 -0200
Processing by UsersController#index as HTML
  [1m[36mUser Load (0.4ms)[0m  [1m[35mEXEC sp_executesql N'SELECT  [users].* FROM [users]  ORDER BY [users].[id] ASC OFFSET 0 ROWS FETCH NEXT @0 ROWS ONLY', N'@0 int', @0 = 1[0m  [["LIMIT", nil]]
[active_model_serializers] Rendered UserSerializer with ActiveModelSerializers::Adapter::Attributes (3.46ms)
Completed 500 Internal Server Error in 29ms (ActiveRecord: 14.0ms)


  
NoMethodError (undefined method `nome' for #<User:0x00007f71988a9628>
Did you mean?  name):
  
app/controllers/users_controller.rb:4:in `index'
Started GET "/users/" for 127.0.0.1 at 2017-11-11 14:44:15 -0200
Processing by UsersController#index as HTML
  [1m[36mUser Load (0.4ms)[0m  [1m[35mEXEC sp_executesql N'SELECT  [users].* FROM [users]  ORDER BY [users].[id] ASC OFFSET 0 ROWS FETCH NEXT @0 ROWS ONLY', N'@0 int', @0 = 1[0m  [["LIMIT", nil]]
[active_model_serializers] Rendered UserSerializer with ActiveModelSerializers::Adapter::Attributes (0.17ms)
Completed 200 OK in 25ms (Views: 0.5ms | ActiveRecord: 14.6ms)


Started GET "/users/" for 127.0.0.1 at 2017-11-11 14:44:25 -0200
Processing by UsersController#index as HTML
[active_model_serializers]   [1m[36mUser Load (0.6ms)[0m  [1m[35mEXEC sp_executesql N'SELECT  [users].* FROM [users]  ORDER BY [users].[id] ASC OFFSET 0 ROWS FETCH NEXT @0 ROWS ONLY', N'@0 int', @0 = 11[0m  [["LIMIT", nil]]
[active_model_serializers] Rendered UserSerializer with ActiveModelSerializers::Adapter::Attributes (26.87ms)
  [1m[36mCACHE User Load (0.0ms)[0m  [1m[34mSELECT  [users].* FROM [users]  ORDER BY [users].[id] ASC OFFSET 0 ROWS FETCH NEXT @0 ROWS ONLY[0m  [["LIMIT", 11]]
Completed 500 Internal Server Error in 33ms (ActiveRecord: 13.5ms)


  
  [1m[36mCACHE User Load (0.0ms)[0m  [1m[34mSELECT  [users].* FROM [users]  ORDER BY [users].[id] ASC OFFSET 0 ROWS FETCH NEXT @0 ROWS ONLY[0m  [["LIMIT", 11]]
NoMethodError (undefined method `read_attribute_for_serialization' for #<User::ActiveRecord_Relation:0x00007f7198502880>):
  
app/controllers/users_controller.rb:4:in `index'
Started GET "/users/" for 127.0.0.1 at 2017-11-11 14:46:20 -0200
  [1m[35mSQL (0.3ms)[0m  [1m[35mUSE [default][0m
  [1m[35m (0.3ms)[0m  [1m[34mSELECT [schema_migrations].[version] FROM [schema_migrations]  ORDER BY [schema_migrations].[version] ASC[0m
Processing by UsersController#index as HTML
[active_model_serializers]   [1m[36mUser Load (0.4ms)[0m  [1m[34mSELECT [users].* FROM [users][0m
[active_model_serializers] Rendered UserCollectionSerializer with ActiveModelSerializers::Adapter::Attributes (21.66ms)
Completed 200 OK in 35ms (Views: 14.4ms | ActiveRecord: 12.5ms)


Started GET "/users/" for 127.0.0.1 at 2017-11-11 14:50:38 -0200
Processing by UsersController#index as HTML
[active_model_serializers]   [1m[36mUser Load (0.3ms)[0m  [1m[34mSELECT [users].* FROM [users][0m
[active_model_serializers] Rendered UserCollectionSerializer with ActiveModelSerializers::Adapter::Attributes (18.74ms)
Completed 200 OK in 32ms (Views: 6.5ms | ActiveRecord: 12.7ms)


Started GET "/users/" for 127.0.0.1 at 2017-11-11 14:54:55 -0200
  [1m[35mSQL (0.4ms)[0m  [1m[35mUSE [default][0m
  [1m[35m (0.3ms)[0m  [1m[34mSELECT [schema_migrations].[version] FROM [schema_migrations]  ORDER BY [schema_migrations].[version] ASC[0m
Processing by UsersController#index as HTML
[active_model_serializers]   [1m[36mUser Load (0.5ms)[0m  [1m[34mSELECT [users].* FROM [users][0m
[active_model_serializers] Rendered UserCollectionSerializer with ActiveModelSerializers::Adapter::Attributes (82871.3ms)
Completed 500 Internal Server Error in 82882ms (ActiveRecord: 14.4ms)


  
SystemExit (exit):
  
(byebug):1:in `exit'
(byebug):1:in `rescue in instrument'
app/controllers/users_controller.rb:4:in `index'
Started GET "/users/" for 127.0.0.1 at 2017-11-11 14:56:21 -0200
Processing by UsersController#index as HTML
[active_model_serializers]   [1m[36mUser Load (0.9ms)[0m  [1m[34mSELECT [users].* FROM [users][0m
[active_model_serializers] Rendered UserCollectionSerializer with ActiveModelSerializers::Adapter::Attributes (38998.08ms)
Completed 500 Internal Server Error in 39037ms (ActiveRecord: 16.4ms)


  
SystemExit (exit):
  
(byebug):1:in `exit'
(byebug):1:in `login_lingguica?'
app/serializers/user_serializer.rb:7:in `login_lingguica?'
app/controllers/users_controller.rb:4:in `index'
Started GET "/users/" for 127.0.0.1 at 2017-11-11 14:57:39 -0200
  [1m[35mSQL (0.3ms)[0m  [1m[35mUSE [default][0m
  [1m[35m (0.4ms)[0m  [1m[34mSELECT [schema_migrations].[version] FROM [schema_migrations]  ORDER BY [schema_migrations].[version] ASC[0m
Processing by UsersController#index as HTML
[active_model_serializers] Rendered UserCollectionSerializer with ActiveModelSerializers::Adapter::Attributes (0.18ms)
Completed 200 OK in 8ms (Views: 3.8ms | ActiveRecord: 0.0ms)


Started GET "/users/" for 127.0.0.1 at 2017-11-11 14:58:05 -0200
  [1m[35mSQL (0.4ms)[0m  [1m[35mUSE [default][0m
  [1m[35m (0.5ms)[0m  [1m[34mSELECT [schema_migrations].[version] FROM [schema_migrations]  ORDER BY [schema_migrations].[version] ASC[0m
Processing by UsersController#index as HTML
[active_model_serializers] Rendered UserCollectionSerializer with ActiveModelSerializers::Adapter::Attributes (0.12ms)
Completed 200 OK in 8ms (Views: 3.5ms | ActiveRecord: 0.0ms)


Started GET "/users/" for 127.0.0.1 at 2017-11-11 14:59:28 -0200
  [1m[35mSQL (0.3ms)[0m  [1m[35mUSE [default][0m
  [1m[35m (0.3ms)[0m  [1m[34mSELECT [schema_migrations].[version] FROM [schema_migrations]  ORDER BY [schema_migrations].[version] ASC[0m
Processing by UsersController#index as HTML
  [1m[36mUser Load (0.5ms)[0m  [1m[34mSELECT [users].* FROM [users][0m
[active_model_serializers] Rendered ActiveModel::Serializer::CollectionSerializer with ActiveModelSerializers::Adapter::Attributes (12315.67ms)
Completed 500 Internal Server Error in 12356ms (ActiveRecord: 13.9ms)


  
SystemExit (exit):
  
(byebug):1:in `exit'
(byebug):1:in `login_lingguica?'
app/serializers/user_serializer.rb:10:in `login_lingguica?'
app/controllers/users_controller.rb:4:in `index'
Started GET "/users/" for 127.0.0.1 at 2017-11-11 15:00:14 -0200
  [1m[35mSQL (0.3ms)[0m  [1m[35mUSE [default][0m
  [1m[35m (0.3ms)[0m  [1m[34mSELECT [schema_migrations].[version] FROM [schema_migrations]  ORDER BY [schema_migrations].[version] ASC[0m
Processing by UsersController#index as HTML
  [1m[36mUser Load (0.5ms)[0m  [1m[34mSELECT [users].* FROM [users][0m
[active_model_serializers] Rendered ActiveModel::Serializer::CollectionSerializer with ActiveModelSerializers::Adapter::Attributes (0.47ms)
Completed 200 OK in 41ms (Views: 19.7ms | ActiveRecord: 14.0ms)


Started GET "/users/" for 127.0.0.1 at 2017-11-11 15:02:33 -0200
  [1m[35mSQL (0.4ms)[0m  [1m[35mUSE [default][0m
  [1m[35m (0.8ms)[0m  [1m[34mSELECT [schema_migrations].[version] FROM [schema_migrations]  ORDER BY [schema_migrations].[version] ASC[0m
Processing by UsersController#index as HTML
  [1m[36mUser Load (0.6ms)[0m  [1m[34mSELECT [users].* FROM [users][0m
[active_model_serializers] Rendered ActiveModel::Serializer::CollectionSerializer with ActiveModelSerializers::Adapter::Attributes (0.8ms)
Completed 200 OK in 36ms (Views: 15.4ms | ActiveRecord: 13.5ms)


Started GET "/users?incluir_login=1" for 127.0.0.1 at 2017-11-11 15:02:45 -0200
Processing by UsersController#index as HTML
  Parameters: {"incluir_login"=>"1"}
  [1m[36mUser Load (0.8ms)[0m  [1m[34mSELECT [users].* FROM [users][0m
[active_model_serializers] Rendered ActiveModel::Serializer::CollectionSerializer with ActiveModelSerializers::Adapter::Attributes (1.21ms)
Completed 200 OK in 5ms (Views: 3.8ms | ActiveRecord: 0.8ms)


Started GET "/users?incluir_login=1" for 127.0.0.1 at 2017-11-11 15:04:33 -0200
  [1m[35mSQL (0.3ms)[0m  [1m[35mUSE [default][0m
  [1m[35m (0.5ms)[0m  [1m[34mSELECT [schema_migrations].[version] FROM [schema_migrations]  ORDER BY [schema_migrations].[version] ASC[0m
Processing by UsersController#index as HTML
  Parameters: {"incluir_login"=>"1"}
  [1m[36mUser Load (0.5ms)[0m  [1m[34mSELECT [users].* FROM [users][0m
[active_model_serializers] Rendered ActiveModel::Serializer::CollectionSerializer with ActiveModelSerializers::Adapter::Attributes (1.56ms)
Completed 200 OK in 39ms (Views: 19.1ms | ActiveRecord: 13.1ms)


Started GET "/users" for 127.0.0.1 at 2017-11-11 15:04:40 -0200
Processing by UsersController#index as HTML
  [1m[36mUser Load (0.5ms)[0m  [1m[34mSELECT [users].* FROM [users][0m
[active_model_serializers] Rendered ActiveModel::Serializer::CollectionSerializer with ActiveModelSerializers::Adapter::Attributes (6.32ms)
Completed 200 OK in 10ms (Views: 9.2ms | ActiveRecord: 0.5ms)


